Nov 16 2023 14:48:23
{"type":8192,"message":"Return type of Ai1wm_Recursive_Newline_Filter::accept() should either be compatible with FilterIterator::accept(): bool, or the #[\\ReturnTypeWillChange] attribute should be used to temporarily suppress the notice","file":"D:\\wamp64\\www\\DemoSite\\wp-content\\plugins\\all-in-one-wp-migration-6.77\\lib\\vendor\\servmask\\filter\\class-ai1wm-recursive-newline-filter.php","line":28}

Nov 16 2023 14:48:23
{"type":8192,"message":"Return type of Ai1wm_Recursive_Newline_Filter::accept() should either be compatible with FilterIterator::accept(): bool, or the #[\\ReturnTypeWillChange] attribute should be used to temporarily suppress the notice","file":"D:\\wamp64\\www\\DemoSite\\wp-content\\plugins\\all-in-one-wp-migration-6.77\\lib\\vendor\\servmask\\filter\\class-ai1wm-recursive-newline-filter.php","line":28}

Nov 16 2023 14:48:23
{"type":8192,"message":"Return type of Ai1wm_Recursive_Newline_Filter::accept() should either be compatible with FilterIterator::accept(): bool, or the #[\\ReturnTypeWillChange] attribute should be used to temporarily suppress the notice","file":"D:\\wamp64\\www\\DemoSite\\wp-content\\plugins\\all-in-one-wp-migration-6.77\\lib\\vendor\\servmask\\filter\\class-ai1wm-recursive-newline-filter.php","line":28}

Nov 16 2023 14:48:23
{"type":8192,"message":"Return type of Ai1wm_Recursive_Newline_Filter::accept() should either be compatible with FilterIterator::accept(): bool, or the #[\\ReturnTypeWillChange] attribute should be used to temporarily suppress the notice","file":"D:\\wamp64\\www\\DemoSite\\wp-content\\plugins\\all-in-one-wp-migration-6.77\\lib\\vendor\\servmask\\filter\\class-ai1wm-recursive-newline-filter.php","line":28}

Nov 16 2023 14:48:24
{"type":8192,"message":"Return type of Ai1wm_Recursive_Newline_Filter::accept() should either be compatible with FilterIterator::accept(): bool, or the #[\\ReturnTypeWillChange] attribute should be used to temporarily suppress the notice","file":"D:\\wamp64\\www\\DemoSite\\wp-content\\plugins\\all-in-one-wp-migration-6.77\\lib\\vendor\\servmask\\filter\\class-ai1wm-recursive-newline-filter.php","line":28}

Nov 16 2023 14:48:25
{"type":8192,"message":"Return type of Ai1wm_Recursive_Newline_Filter::accept() should either be compatible with FilterIterator::accept(): bool, or the #[\\ReturnTypeWillChange] attribute should be used to temporarily suppress the notice","file":"D:\\wamp64\\www\\DemoSite\\wp-content\\plugins\\all-in-one-wp-migration-6.77\\lib\\vendor\\servmask\\filter\\class-ai1wm-recursive-newline-filter.php","line":28}

Nov 16 2023 14:48:25
{"type":8192,"message":"Return type of Ai1wm_Recursive_Newline_Filter::accept() should either be compatible with FilterIterator::accept(): bool, or the #[\\ReturnTypeWillChange] attribute should be used to temporarily suppress the notice","file":"D:\\wamp64\\www\\DemoSite\\wp-content\\plugins\\all-in-one-wp-migration-6.77\\lib\\vendor\\servmask\\filter\\class-ai1wm-recursive-newline-filter.php","line":28}

Nov 16 2023 14:48:25
{"type":8192,"message":"Return type of Ai1wm_Recursive_Newline_Filter::accept() should either be compatible with FilterIterator::accept(): bool, or the #[\\ReturnTypeWillChange] attribute should be used to temporarily suppress the notice","file":"D:\\wamp64\\www\\DemoSite\\wp-content\\plugins\\all-in-one-wp-migration-6.77\\lib\\vendor\\servmask\\filter\\class-ai1wm-recursive-newline-filter.php","line":28}

Nov 16 2023 14:48:25
{"type":8192,"message":"Return type of Ai1wm_Recursive_Newline_Filter::accept() should either be compatible with FilterIterator::accept(): bool, or the #[\\ReturnTypeWillChange] attribute should be used to temporarily suppress the notice","file":"D:\\wamp64\\www\\DemoSite\\wp-content\\plugins\\all-in-one-wp-migration-6.77\\lib\\vendor\\servmask\\filter\\class-ai1wm-recursive-newline-filter.php","line":28}

Nov 16 2023 14:48:26
{"type":8192,"message":"Return type of Ai1wm_Recursive_Newline_Filter::accept() should either be compatible with FilterIterator::accept(): bool, or the #[\\ReturnTypeWillChange] attribute should be used to temporarily suppress the notice","file":"D:\\wamp64\\www\\DemoSite\\wp-content\\plugins\\all-in-one-wp-migration-6.77\\lib\\vendor\\servmask\\filter\\class-ai1wm-recursive-newline-filter.php","line":28}

Nov 16 2023 14:48:26
{"type":8192,"message":"Return type of Ai1wm_Recursive_Newline_Filter::accept() should either be compatible with FilterIterator::accept(): bool, or the #[\\ReturnTypeWillChange] attribute should be used to temporarily suppress the notice","file":"D:\\wamp64\\www\\DemoSite\\wp-content\\plugins\\all-in-one-wp-migration-6.77\\lib\\vendor\\servmask\\filter\\class-ai1wm-recursive-newline-filter.php","line":28}

Nov 16 2023 14:48:26
{"type":8192,"message":"Return type of Ai1wm_Recursive_Newline_Filter::accept() should either be compatible with FilterIterator::accept(): bool, or the #[\\ReturnTypeWillChange] attribute should be used to temporarily suppress the notice","file":"D:\\wamp64\\www\\DemoSite\\wp-content\\plugins\\all-in-one-wp-migration-6.77\\lib\\vendor\\servmask\\filter\\class-ai1wm-recursive-newline-filter.php","line":28}

Nov 16 2023 14:48:26
{"type":8192,"message":"Return type of Ai1wm_Recursive_Newline_Filter::accept() should either be compatible with FilterIterator::accept(): bool, or the #[\\ReturnTypeWillChange] attribute should be used to temporarily suppress the notice","file":"D:\\wamp64\\www\\DemoSite\\wp-content\\plugins\\all-in-one-wp-migration-6.77\\lib\\vendor\\servmask\\filter\\class-ai1wm-recursive-newline-filter.php","line":28}

Nov 16 2023 14:48:27
{"type":8192,"message":"Return type of Ai1wm_Recursive_Newline_Filter::accept() should either be compatible with FilterIterator::accept(): bool, or the #[\\ReturnTypeWillChange] attribute should be used to temporarily suppress the notice","file":"D:\\wamp64\\www\\DemoSite\\wp-content\\plugins\\all-in-one-wp-migration-6.77\\lib\\vendor\\servmask\\filter\\class-ai1wm-recursive-newline-filter.php","line":28}

Nov 16 2023 14:48:27
{"type":8192,"message":"Return type of Ai1wm_Recursive_Newline_Filter::accept() should either be compatible with FilterIterator::accept(): bool, or the #[\\ReturnTypeWillChange] attribute should be used to temporarily suppress the notice","file":"D:\\wamp64\\www\\DemoSite\\wp-content\\plugins\\all-in-one-wp-migration-6.77\\lib\\vendor\\servmask\\filter\\class-ai1wm-recursive-newline-filter.php","line":28}

Nov 16 2023 14:48:27
{"type":8192,"message":"Return type of Ai1wm_Recursive_Newline_Filter::accept() should either be compatible with FilterIterator::accept(): bool, or the #[\\ReturnTypeWillChange] attribute should be used to temporarily suppress the notice","file":"D:\\wamp64\\www\\DemoSite\\wp-content\\plugins\\all-in-one-wp-migration-6.77\\lib\\vendor\\servmask\\filter\\class-ai1wm-recursive-newline-filter.php","line":28}

Nov 16 2023 14:48:28
{"type":8192,"message":"Return type of Ai1wm_Recursive_Newline_Filter::accept() should either be compatible with FilterIterator::accept(): bool, or the #[\\ReturnTypeWillChange] attribute should be used to temporarily suppress the notice","file":"D:\\wamp64\\www\\DemoSite\\wp-content\\plugins\\all-in-one-wp-migration-6.77\\lib\\vendor\\servmask\\filter\\class-ai1wm-recursive-newline-filter.php","line":28}

Nov 16 2023 14:48:28
{"type":8192,"message":"Return type of Ai1wm_Recursive_Newline_Filter::accept() should either be compatible with FilterIterator::accept(): bool, or the #[\\ReturnTypeWillChange] attribute should be used to temporarily suppress the notice","file":"D:\\wamp64\\www\\DemoSite\\wp-content\\plugins\\all-in-one-wp-migration-6.77\\lib\\vendor\\servmask\\filter\\class-ai1wm-recursive-newline-filter.php","line":28}

Nov 16 2023 14:48:28
{"type":8192,"message":"Return type of Ai1wm_Recursive_Newline_Filter::accept() should either be compatible with FilterIterator::accept(): bool, or the #[\\ReturnTypeWillChange] attribute should be used to temporarily suppress the notice","file":"D:\\wamp64\\www\\DemoSite\\wp-content\\plugins\\all-in-one-wp-migration-6.77\\lib\\vendor\\servmask\\filter\\class-ai1wm-recursive-newline-filter.php","line":28}

Nov 16 2023 14:48:28
{"type":8192,"message":"Return type of Ai1wm_Recursive_Newline_Filter::accept() should either be compatible with FilterIterator::accept(): bool, or the #[\\ReturnTypeWillChange] attribute should be used to temporarily suppress the notice","file":"D:\\wamp64\\www\\DemoSite\\wp-content\\plugins\\all-in-one-wp-migration-6.77\\lib\\vendor\\servmask\\filter\\class-ai1wm-recursive-newline-filter.php","line":28}

Nov 16 2023 14:48:29
{"type":8192,"message":"Return type of Ai1wm_Recursive_Newline_Filter::accept() should either be compatible with FilterIterator::accept(): bool, or the #[\\ReturnTypeWillChange] attribute should be used to temporarily suppress the notice","file":"D:\\wamp64\\www\\DemoSite\\wp-content\\plugins\\all-in-one-wp-migration-6.77\\lib\\vendor\\servmask\\filter\\class-ai1wm-recursive-newline-filter.php","line":28}

Nov 16 2023 14:48:29
{"type":8192,"message":"Return type of Ai1wm_Recursive_Newline_Filter::accept() should either be compatible with FilterIterator::accept(): bool, or the #[\\ReturnTypeWillChange] attribute should be used to temporarily suppress the notice","file":"D:\\wamp64\\www\\DemoSite\\wp-content\\plugins\\all-in-one-wp-migration-6.77\\lib\\vendor\\servmask\\filter\\class-ai1wm-recursive-newline-filter.php","line":28}

Nov 16 2023 14:48:29
{"type":8192,"message":"Return type of Ai1wm_Recursive_Newline_Filter::accept() should either be compatible with FilterIterator::accept(): bool, or the #[\\ReturnTypeWillChange] attribute should be used to temporarily suppress the notice","file":"D:\\wamp64\\www\\DemoSite\\wp-content\\plugins\\all-in-one-wp-migration-6.77\\lib\\vendor\\servmask\\filter\\class-ai1wm-recursive-newline-filter.php","line":28}

Nov 16 2023 14:48:29
{"type":8192,"message":"Return type of Ai1wm_Recursive_Newline_Filter::accept() should either be compatible with FilterIterator::accept(): bool, or the #[\\ReturnTypeWillChange] attribute should be used to temporarily suppress the notice","file":"D:\\wamp64\\www\\DemoSite\\wp-content\\plugins\\all-in-one-wp-migration-6.77\\lib\\vendor\\servmask\\filter\\class-ai1wm-recursive-newline-filter.php","line":28}

Nov 16 2023 14:48:30
{"type":8192,"message":"Return type of Ai1wm_Recursive_Newline_Filter::accept() should either be compatible with FilterIterator::accept(): bool, or the #[\\ReturnTypeWillChange] attribute should be used to temporarily suppress the notice","file":"D:\\wamp64\\www\\DemoSite\\wp-content\\plugins\\all-in-one-wp-migration-6.77\\lib\\vendor\\servmask\\filter\\class-ai1wm-recursive-newline-filter.php","line":28}

Nov 16 2023 14:48:30
{"type":8192,"message":"Return type of Ai1wm_Recursive_Newline_Filter::accept() should either be compatible with FilterIterator::accept(): bool, or the #[\\ReturnTypeWillChange] attribute should be used to temporarily suppress the notice","file":"D:\\wamp64\\www\\DemoSite\\wp-content\\plugins\\all-in-one-wp-migration-6.77\\lib\\vendor\\servmask\\filter\\class-ai1wm-recursive-newline-filter.php","line":28}

Nov 16 2023 14:48:47
{"type":8192,"message":"Return type of Ai1wm_Recursive_Newline_Filter::accept() should either be compatible with FilterIterator::accept(): bool, or the #[\\ReturnTypeWillChange] attribute should be used to temporarily suppress the notice","file":"D:\\wamp64\\www\\DemoSite\\wp-content\\plugins\\all-in-one-wp-migration-6.77\\lib\\vendor\\servmask\\filter\\class-ai1wm-recursive-newline-filter.php","line":28}

Nov 16 2023 14:48:47
{"type":8192,"message":"Return type of Ai1wm_Recursive_Newline_Filter::accept() should either be compatible with FilterIterator::accept(): bool, or the #[\\ReturnTypeWillChange] attribute should be used to temporarily suppress the notice","file":"D:\\wamp64\\www\\DemoSite\\wp-content\\plugins\\all-in-one-wp-migration-6.77\\lib\\vendor\\servmask\\filter\\class-ai1wm-recursive-newline-filter.php","line":28}

Nov 16 2023 14:48:57
{"type":8192,"message":"Return type of Ai1wm_Recursive_Newline_Filter::accept() should either be compatible with FilterIterator::accept(): bool, or the #[\\ReturnTypeWillChange] attribute should be used to temporarily suppress the notice","file":"D:\\wamp64\\www\\DemoSite\\wp-content\\plugins\\all-in-one-wp-migration-6.77\\lib\\vendor\\servmask\\filter\\class-ai1wm-recursive-newline-filter.php","line":28}

Nov 16 2023 14:48:58
{"type":8192,"message":"Return type of Ai1wm_Recursive_Newline_Filter::accept() should either be compatible with FilterIterator::accept(): bool, or the #[\\ReturnTypeWillChange] attribute should be used to temporarily suppress the notice","file":"D:\\wamp64\\www\\DemoSite\\wp-content\\plugins\\all-in-one-wp-migration-6.77\\lib\\vendor\\servmask\\filter\\class-ai1wm-recursive-newline-filter.php","line":28}

Nov 16 2023 14:48:59
{"type":8192,"message":"Return type of Ai1wm_Recursive_Newline_Filter::accept() should either be compatible with FilterIterator::accept(): bool, or the #[\\ReturnTypeWillChange] attribute should be used to temporarily suppress the notice","file":"D:\\wamp64\\www\\DemoSite\\wp-content\\plugins\\all-in-one-wp-migration-6.77\\lib\\vendor\\servmask\\filter\\class-ai1wm-recursive-newline-filter.php","line":28}

Nov 16 2023 14:48:59
{"Number":8192,"Message":"Creation of dynamic property Ai1wm_Database_Mysqli::$old_replace_raw_values is deprecated","File":"D:\\wamp64\\www\\DemoSite\\wp-content\\plugins\\all-in-one-wp-migration-6.77\\lib\\vendor\\servmask\\database\\class-ai1wm-database.php","Line":300}

Nov 16 2023 14:48:59
{"Number":8192,"Message":"Creation of dynamic property Ai1wm_Database_Mysqli::$new_replace_raw_values is deprecated","File":"D:\\wamp64\\www\\DemoSite\\wp-content\\plugins\\all-in-one-wp-migration-6.77\\lib\\vendor\\servmask\\database\\class-ai1wm-database.php","Line":321}

Nov 16 2023 14:49:02
{"type":8192,"message":"Return type of Ai1wm_Recursive_Newline_Filter::accept() should either be compatible with FilterIterator::accept(): bool, or the #[\\ReturnTypeWillChange] attribute should be used to temporarily suppress the notice","file":"D:\\wamp64\\www\\DemoSite\\wp-content\\plugins\\all-in-one-wp-migration-6.77\\lib\\vendor\\servmask\\filter\\class-ai1wm-recursive-newline-filter.php","line":28}

Nov 16 2023 14:49:03
{"type":8192,"message":"Return type of Ai1wm_Recursive_Newline_Filter::accept() should either be compatible with FilterIterator::accept(): bool, or the #[\\ReturnTypeWillChange] attribute should be used to temporarily suppress the notice","file":"D:\\wamp64\\www\\DemoSite\\wp-content\\plugins\\all-in-one-wp-migration-6.77\\lib\\vendor\\servmask\\filter\\class-ai1wm-recursive-newline-filter.php","line":28}

Nov 16 2023 14:49:05
{"type":8192,"message":"Creation of dynamic property Wp_Scss::$cache_file is deprecated","file":"D:\\wamp64\\www\\DemoSite\\wp-content\\plugins\\wp-scss\\class\\class-wp-scss.php","line":105}

